[main] INFO io.swagger.parser.Swagger20Parser - reading from https://raw.githubusercontent.com/kubevirt/kubevirt/master/api/openapi-spec/swagger.json
[main] ERROR io.swagger.codegen.DefaultGenerator - Missing required field info version. Default appVersion set to 1.0.0
[main] ERROR io.swagger.codegen.DefaultGenerator - Missing required field info version. Default version set to 1.0.0
[main] INFO io.swagger.codegen.AbstractGenerator - writing file /home/lbednar/work/kubevirt-org/kubevirt-pysdk-generated/./kubevirt/models/v1_api_group.py
[main] INFO io.swagger.codegen.AbstractGenerator - writing file /home/lbednar/work/kubevirt-org/kubevirt-pysdk-generated/./test/test_v1_api_group.py
[main] INFO io.swagger.codegen.AbstractGenerator - writing file /home/lbednar/work/kubevirt-org/kubevirt-pysdk-generated/./docs/V1APIGroup.md
[main] INFO io.swagger.codegen.AbstractGenerator - writing file /home/lbednar/work/kubevirt-org/kubevirt-pysdk-generated/./kubevirt/models/v1_api_resource.py
[main] INFO io.swagger.codegen.AbstractGenerator - writing file /home/lbednar/work/kubevirt-org/kubevirt-pysdk-generated/./test/test_v1_api_resource.py
[main] INFO io.swagger.codegen.AbstractGenerator - writing file /home/lbednar/work/kubevirt-org/kubevirt-pysdk-generated/./docs/V1APIResource.md
[main] INFO io.swagger.codegen.AbstractGenerator - writing file /home/lbednar/work/kubevirt-org/kubevirt-pysdk-generated/./kubevirt/models/v1_api_resource_list.py
[main] INFO io.swagger.codegen.AbstractGenerator - writing file /home/lbednar/work/kubevirt-org/kubevirt-pysdk-generated/./test/test_v1_api_resource_list.py
[main] INFO io.swagger.codegen.AbstractGenerator - writing file /home/lbednar/work/kubevirt-org/kubevirt-pysdk-generated/./docs/V1APIResourceList.md
[main] INFO io.swagger.codegen.AbstractGenerator - writing file /home/lbednar/work/kubevirt-org/kubevirt-pysdk-generated/./kubevirt/models/v1_affinity.py
[main] INFO io.swagger.codegen.AbstractGenerator - writing file /home/lbednar/work/kubevirt-org/kubevirt-pysdk-generated/./test/test_v1_affinity.py
[main] INFO io.swagger.codegen.AbstractGenerator - writing file /home/lbednar/work/kubevirt-org/kubevirt-pysdk-generated/./docs/V1Affinity.md
[main] INFO io.swagger.codegen.AbstractGenerator - writing file /home/lbednar/work/kubevirt-org/kubevirt-pysdk-generated/./kubevirt/models/v1_cd_rom_target.py
[main] INFO io.swagger.codegen.AbstractGenerator - writing file /home/lbednar/work/kubevirt-org/kubevirt-pysdk-generated/./test/test_v1_cd_rom_target.py
[main] INFO io.swagger.codegen.AbstractGenerator - writing file /home/lbednar/work/kubevirt-org/kubevirt-pysdk-generated/./docs/V1CDRomTarget.md
[main] INFO io.swagger.codegen.AbstractGenerator - writing file /home/lbednar/work/kubevirt-org/kubevirt-pysdk-generated/./kubevirt/models/v1_cpu.py
[main] INFO io.swagger.codegen.AbstractGenerator - writing file /home/lbednar/work/kubevirt-org/kubevirt-pysdk-generated/./test/test_v1_cpu.py
[main] INFO io.swagger.codegen.AbstractGenerator - writing file /home/lbednar/work/kubevirt-org/kubevirt-pysdk-generated/./docs/V1CPU.md
[main] INFO io.swagger.codegen.AbstractGenerator - writing file /home/lbednar/work/kubevirt-org/kubevirt-pysdk-generated/./kubevirt/models/v1_clock.py
[main] INFO io.swagger.codegen.AbstractGenerator - writing file /home/lbednar/work/kubevirt-org/kubevirt-pysdk-generated/./test/test_v1_clock.py
[main] INFO io.swagger.codegen.AbstractGenerator - writing file /home/lbednar/work/kubevirt-org/kubevirt-pysdk-generated/./docs/V1Clock.md
[main] INFO io.swagger.codegen.AbstractGenerator - writing file /home/lbednar/work/kubevirt-org/kubevirt-pysdk-generated/./kubevirt/models/v1_clock_offset_utc.py
[main] INFO io.swagger.codegen.AbstractGenerator - writing file /home/lbednar/work/kubevirt-org/kubevirt-pysdk-generated/./test/test_v1_clock_offset_utc.py
[main] INFO io.swagger.codegen.AbstractGenerator - writing file /home/lbednar/work/kubevirt-org/kubevirt-pysdk-generated/./docs/V1ClockOffsetUTC.md
[main] INFO io.swagger.codegen.AbstractGenerator - writing file /home/lbednar/work/kubevirt-org/kubevirt-pysdk-generated/./kubevirt/models/v1_cloud_init_no_cloud_source.py
[main] INFO io.swagger.codegen.AbstractGenerator - writing file /home/lbednar/work/kubevirt-org/kubevirt-pysdk-generated/./test/test_v1_cloud_init_no_cloud_source.py
[main] INFO io.swagger.codegen.AbstractGenerator - writing file /home/lbednar/work/kubevirt-org/kubevirt-pysdk-generated/./docs/V1CloudInitNoCloudSource.md
[main] INFO io.swagger.codegen.AbstractGenerator - writing file /home/lbednar/work/kubevirt-org/kubevirt-pysdk-generated/./kubevirt/models/v1_delete_options.py
[main] INFO io.swagger.codegen.AbstractGenerator - writing file /home/lbednar/work/kubevirt-org/kubevirt-pysdk-generated/./test/test_v1_delete_options.py
[main] INFO io.swagger.codegen.AbstractGenerator - writing file /home/lbednar/work/kubevirt-org/kubevirt-pysdk-generated/./docs/V1DeleteOptions.md
[main] INFO io.swagger.codegen.AbstractGenerator - writing file /home/lbednar/work/kubevirt-org/kubevirt-pysdk-generated/./kubevirt/models/v1_devices.py
[main] INFO io.swagger.codegen.AbstractGenerator - writing file /home/lbednar/work/kubevirt-org/kubevirt-pysdk-generated/./test/test_v1_devices.py
[main] INFO io.swagger.codegen.AbstractGenerator - writing file /home/lbednar/work/kubevirt-org/kubevirt-pysdk-generated/./docs/V1Devices.md
[main] INFO io.swagger.codegen.AbstractGenerator - writing file /home/lbednar/work/kubevirt-org/kubevirt-pysdk-generated/./kubevirt/models/v1_disk.py
[main] INFO io.swagger.codegen.AbstractGenerator - writing file /home/lbednar/work/kubevirt-org/kubevirt-pysdk-generated/./test/test_v1_disk.py
[main] INFO io.swagger.codegen.AbstractGenerator - writing file /home/lbednar/work/kubevirt-org/kubevirt-pysdk-generated/./docs/V1Disk.md
[main] INFO io.swagger.codegen.AbstractGenerator - writing file /home/lbednar/work/kubevirt-org/kubevirt-pysdk-generated/./kubevirt/models/v1_disk_target.py
[main] INFO io.swagger.codegen.AbstractGenerator - writing file /home/lbednar/work/kubevirt-org/kubevirt-pysdk-generated/./test/test_v1_disk_target.py
[main] INFO io.swagger.codegen.AbstractGenerator - writing file /home/lbednar/work/kubevirt-org/kubevirt-pysdk-generated/./docs/V1DiskTarget.md
[main] INFO io.swagger.codegen.AbstractGenerator - writing file /home/lbednar/work/kubevirt-org/kubevirt-pysdk-generated/./kubevirt/models/v1_domain_spec.py
[main] INFO io.swagger.codegen.AbstractGenerator - writing file /home/lbednar/work/kubevirt-org/kubevirt-pysdk-generated/./test/test_v1_domain_spec.py
[main] INFO io.swagger.codegen.AbstractGenerator - writing file /home/lbednar/work/kubevirt-org/kubevirt-pysdk-generated/./docs/V1DomainSpec.md
[main] INFO io.swagger.codegen.AbstractGenerator - writing file /home/lbednar/work/kubevirt-org/kubevirt-pysdk-generated/./kubevirt/models/v1_feature_hyperv.py
[main] INFO io.swagger.codegen.AbstractGenerator - writing file /home/lbednar/work/kubevirt-org/kubevirt-pysdk-generated/./test/test_v1_feature_hyperv.py
[main] INFO io.swagger.codegen.AbstractGenerator - writing file /home/lbednar/work/kubevirt-org/kubevirt-pysdk-generated/./docs/V1FeatureHyperv.md
[main] INFO io.swagger.codegen.AbstractGenerator - writing file /home/lbednar/work/kubevirt-org/kubevirt-pysdk-generated/./kubevirt/models/v1_feature_spinlocks.py
[main] INFO io.swagger.codegen.AbstractGenerator - writing file /home/lbednar/work/kubevirt-org/kubevirt-pysdk-generated/./test/test_v1_feature_spinlocks.py
[main] INFO io.swagger.codegen.AbstractGenerator - writing file /home/lbednar/work/kubevirt-org/kubevirt-pysdk-generated/./docs/V1FeatureSpinlocks.md
[main] INFO io.swagger.codegen.AbstractGenerator - writing file /home/lbednar/work/kubevirt-org/kubevirt-pysdk-generated/./kubevirt/models/v1_feature_state.py
[main] INFO io.swagger.codegen.AbstractGenerator - writing file /home/lbednar/work/kubevirt-org/kubevirt-pysdk-generated/./test/test_v1_feature_state.py
[main] INFO io.swagger.codegen.AbstractGenerator - writing file /home/lbednar/work/kubevirt-org/kubevirt-pysdk-generated/./docs/V1FeatureState.md
[main] INFO io.swagger.codegen.AbstractGenerator - writing file /home/lbednar/work/kubevirt-org/kubevirt-pysdk-generated/./kubevirt/models/v1_feature_vendor_id.py
[main] INFO io.swagger.codegen.AbstractGenerator - writing file /home/lbednar/work/kubevirt-org/kubevirt-pysdk-generated/./test/test_v1_feature_vendor_id.py
[main] INFO io.swagger.codegen.AbstractGenerator - writing file /home/lbednar/work/kubevirt-org/kubevirt-pysdk-generated/./docs/V1FeatureVendorID.md
[main] INFO io.swagger.codegen.AbstractGenerator - writing file /home/lbednar/work/kubevirt-org/kubevirt-pysdk-generated/./kubevirt/models/v1_features.py
[main] INFO io.swagger.codegen.AbstractGenerator - writing file /home/lbednar/work/kubevirt-org/kubevirt-pysdk-generated/./test/test_v1_features.py
[main] INFO io.swagger.codegen.AbstractGenerator - writing file /home/lbednar/work/kubevirt-org/kubevirt-pysdk-generated/./docs/V1Features.md
[main] INFO io.swagger.codegen.AbstractGenerator - writing file /home/lbednar/work/kubevirt-org/kubevirt-pysdk-generated/./kubevirt/models/v1_firmware.py
[main] INFO io.swagger.codegen.AbstractGenerator - writing file /home/lbednar/work/kubevirt-org/kubevirt-pysdk-generated/./test/test_v1_firmware.py
[main] INFO io.swagger.codegen.AbstractGenerator - writing file /home/lbednar/work/kubevirt-org/kubevirt-pysdk-generated/./docs/V1Firmware.md
[main] INFO io.swagger.codegen.AbstractGenerator - writing file /home/lbednar/work/kubevirt-org/kubevirt-pysdk-generated/./kubevirt/models/v1_floppy_target.py
[main] INFO io.swagger.codegen.AbstractGenerator - writing file /home/lbednar/work/kubevirt-org/kubevirt-pysdk-generated/./test/test_v1_floppy_target.py
[main] INFO io.swagger.codegen.AbstractGenerator - writing file /home/lbednar/work/kubevirt-org/kubevirt-pysdk-generated/./docs/V1FloppyTarget.md
[main] INFO io.swagger.codegen.AbstractGenerator - writing file /home/lbednar/work/kubevirt-org/kubevirt-pysdk-generated/./kubevirt/models/v1_group_version_for_discovery.py
[main] INFO io.swagger.codegen.AbstractGenerator - writing file /home/lbednar/work/kubevirt-org/kubevirt-pysdk-generated/./test/test_v1_group_version_for_discovery.py
[main] INFO io.swagger.codegen.AbstractGenerator - writing file /home/lbednar/work/kubevirt-org/kubevirt-pysdk-generated/./docs/V1GroupVersionForDiscovery.md
[main] INFO io.swagger.codegen.AbstractGenerator - writing file /home/lbednar/work/kubevirt-org/kubevirt-pysdk-generated/./kubevirt/models/v1_hpet_timer.py
[main] INFO io.swagger.codegen.AbstractGenerator - writing file /home/lbednar/work/kubevirt-org/kubevirt-pysdk-generated/./test/test_v1_hpet_timer.py
[main] INFO io.swagger.codegen.AbstractGenerator - writing file /home/lbednar/work/kubevirt-org/kubevirt-pysdk-generated/./docs/V1HPETTimer.md
[main] INFO io.swagger.codegen.AbstractGenerator - writing file /home/lbednar/work/kubevirt-org/kubevirt-pysdk-generated/./kubevirt/models/v1_hyperv_timer.py
[main] INFO io.swagger.codegen.AbstractGenerator - writing file /home/lbednar/work/kubevirt-org/kubevirt-pysdk-generated/./test/test_v1_hyperv_timer.py
[main] INFO io.swagger.codegen.AbstractGenerator - writing file /home/lbednar/work/kubevirt-org/kubevirt-pysdk-generated/./docs/V1HypervTimer.md
[main] INFO io.swagger.codegen.AbstractGenerator - writing file /home/lbednar/work/kubevirt-org/kubevirt-pysdk-generated/./kubevirt/models/v1_i6300_esb_watchdog.py
[main] INFO io.swagger.codegen.AbstractGenerator - writing file /home/lbednar/work/kubevirt-org/kubevirt-pysdk-generated/./test/test_v1_i6300_esb_watchdog.py
[main] INFO io.swagger.codegen.AbstractGenerator - writing file /home/lbednar/work/kubevirt-org/kubevirt-pysdk-generated/./docs/V1I6300ESBWatchdog.md
[main] INFO io.swagger.codegen.AbstractGenerator - writing file /home/lbednar/work/kubevirt-org/kubevirt-pysdk-generated/./kubevirt/models/v1_iscsi_volume_source.py
[main] INFO io.swagger.codegen.AbstractGenerator - writing file /home/lbednar/work/kubevirt-org/kubevirt-pysdk-generated/./test/test_v1_iscsi_volume_source.py
[main] INFO io.swagger.codegen.AbstractGenerator - writing file /home/lbednar/work/kubevirt-org/kubevirt-pysdk-generated/./docs/V1ISCSIVolumeSource.md
[main] INFO io.swagger.codegen.AbstractGenerator - writing file /home/lbednar/work/kubevirt-org/kubevirt-pysdk-generated/./kubevirt/models/v1_initializer.py
[main] INFO io.swagger.codegen.AbstractGenerator - writing file /home/lbednar/work/kubevirt-org/kubevirt-pysdk-generated/./test/test_v1_initializer.py
[main] INFO io.swagger.codegen.AbstractGenerator - writing file /home/lbednar/work/kubevirt-org/kubevirt-pysdk-generated/./docs/V1Initializer.md
[main] INFO io.swagger.codegen.AbstractGenerator - writing file /home/lbednar/work/kubevirt-org/kubevirt-pysdk-generated/./kubevirt/models/v1_initializers.py
[main] INFO io.swagger.codegen.AbstractGenerator - writing file /home/lbednar/work/kubevirt-org/kubevirt-pysdk-generated/./test/test_v1_initializers.py
[main] INFO io.swagger.codegen.AbstractGenerator - writing file /home/lbednar/work/kubevirt-org/kubevirt-pysdk-generated/./docs/V1Initializers.md
[main] INFO io.swagger.codegen.AbstractGenerator - writing file /home/lbednar/work/kubevirt-org/kubevirt-pysdk-generated/./kubevirt/models/v1_kvm_timer.py
[main] INFO io.swagger.codegen.AbstractGenerator - writing file /home/lbednar/work/kubevirt-org/kubevirt-pysdk-generated/./test/test_v1_kvm_timer.py
[main] INFO io.swagger.codegen.AbstractGenerator - writing file /home/lbednar/work/kubevirt-org/kubevirt-pysdk-generated/./docs/V1KVMTimer.md
[main] INFO io.swagger.codegen.AbstractGenerator - writing file /home/lbednar/work/kubevirt-org/kubevirt-pysdk-generated/./kubevirt/models/v1_label_selector.py
[main] INFO io.swagger.codegen.AbstractGenerator - writing file /home/lbednar/work/kubevirt-org/kubevirt-pysdk-generated/./test/test_v1_label_selector.py
[main] INFO io.swagger.codegen.AbstractGenerator - writing file /home/lbednar/work/kubevirt-org/kubevirt-pysdk-generated/./docs/V1LabelSelector.md
[main] INFO io.swagger.codegen.AbstractGenerator - writing file /home/lbednar/work/kubevirt-org/kubevirt-pysdk-generated/./kubevirt/models/v1_label_selector_requirement.py
[main] INFO io.swagger.codegen.AbstractGenerator - writing file /home/lbednar/work/kubevirt-org/kubevirt-pysdk-generated/./test/test_v1_label_selector_requirement.py
[main] INFO io.swagger.codegen.AbstractGenerator - writing file /home/lbednar/work/kubevirt-org/kubevirt-pysdk-generated/./docs/V1LabelSelectorRequirement.md
[main] INFO io.swagger.codegen.AbstractGenerator - writing file /home/lbednar/work/kubevirt-org/kubevirt-pysdk-generated/./kubevirt/models/v1_list_meta.py
[main] INFO io.swagger.codegen.AbstractGenerator - writing file /home/lbednar/work/kubevirt-org/kubevirt-pysdk-generated/./test/test_v1_list_meta.py
[main] INFO io.swagger.codegen.AbstractGenerator - writing file /home/lbednar/work/kubevirt-org/kubevirt-pysdk-generated/./docs/V1ListMeta.md
[main] INFO io.swagger.codegen.AbstractGenerator - writing file /home/lbednar/work/kubevirt-org/kubevirt-pysdk-generated/./kubevirt/models/v1_local_object_reference.py
[main] INFO io.swagger.codegen.AbstractGenerator - writing file /home/lbednar/work/kubevirt-org/kubevirt-pysdk-generated/./test/test_v1_local_object_reference.py
[main] INFO io.swagger.codegen.AbstractGenerator - writing file /home/lbednar/work/kubevirt-org/kubevirt-pysdk-generated/./docs/V1LocalObjectReference.md
[main] INFO io.swagger.codegen.AbstractGenerator - writing file /home/lbednar/work/kubevirt-org/kubevirt-pysdk-generated/./kubevirt/models/v1_lun_target.py
[main] INFO io.swagger.codegen.AbstractGenerator - writing file /home/lbednar/work/kubevirt-org/kubevirt-pysdk-generated/./test/test_v1_lun_target.py
[main] INFO io.swagger.codegen.AbstractGenerator - writing file /home/lbednar/work/kubevirt-org/kubevirt-pysdk-generated/./docs/V1LunTarget.md
[main] INFO io.swagger.codegen.AbstractGenerator - writing file /home/lbednar/work/kubevirt-org/kubevirt-pysdk-generated/./kubevirt/models/v1_machine.py
[main] INFO io.swagger.codegen.AbstractGenerator - writing file /home/lbednar/work/kubevirt-org/kubevirt-pysdk-generated/./test/test_v1_machine.py
[main] INFO io.swagger.codegen.AbstractGenerator - writing file /home/lbednar/work/kubevirt-org/kubevirt-pysdk-generated/./docs/V1Machine.md
[main] INFO io.swagger.codegen.AbstractGenerator - writing file /home/lbednar/work/kubevirt-org/kubevirt-pysdk-generated/./kubevirt/models/v1_migration.py
[main] INFO io.swagger.codegen.AbstractGenerator - writing file /home/lbednar/work/kubevirt-org/kubevirt-pysdk-generated/./test/test_v1_migration.py
[main] INFO io.swagger.codegen.AbstractGenerator - writing file /home/lbednar/work/kubevirt-org/kubevirt-pysdk-generated/./docs/V1Migration.md
[main] INFO io.swagger.codegen.AbstractGenerator - writing file /home/lbednar/work/kubevirt-org/kubevirt-pysdk-generated/./kubevirt/models/v1_migration_list.py
[main] INFO io.swagger.codegen.AbstractGenerator - writing file /home/lbednar/work/kubevirt-org/kubevirt-pysdk-generated/./test/test_v1_migration_list.py
[main] INFO io.swagger.codegen.AbstractGenerator - writing file /home/lbednar/work/kubevirt-org/kubevirt-pysdk-generated/./docs/V1MigrationList.md
[main] INFO io.swagger.codegen.AbstractGenerator - writing file /home/lbednar/work/kubevirt-org/kubevirt-pysdk-generated/./kubevirt/models/v1_migration_spec.py
[main] INFO io.swagger.codegen.AbstractGenerator - writing file /home/lbednar/work/kubevirt-org/kubevirt-pysdk-generated/./test/test_v1_migration_spec.py
[main] INFO io.swagger.codegen.AbstractGenerator - writing file /home/lbednar/work/kubevirt-org/kubevirt-pysdk-generated/./docs/V1MigrationSpec.md
[main] INFO io.swagger.codegen.AbstractGenerator - writing file /home/lbednar/work/kubevirt-org/kubevirt-pysdk-generated/./kubevirt/models/v1_migration_status.py
[main] INFO io.swagger.codegen.AbstractGenerator - writing file /home/lbednar/work/kubevirt-org/kubevirt-pysdk-generated/./test/test_v1_migration_status.py
[main] INFO io.swagger.codegen.AbstractGenerator - writing file /home/lbednar/work/kubevirt-org/kubevirt-pysdk-generated/./docs/V1MigrationStatus.md
[main] INFO io.swagger.codegen.AbstractGenerator - writing file /home/lbednar/work/kubevirt-org/kubevirt-pysdk-generated/./kubevirt/models/v1_node_affinity.py
[main] INFO io.swagger.codegen.AbstractGenerator - writing file /home/lbednar/work/kubevirt-org/kubevirt-pysdk-generated/./test/test_v1_node_affinity.py
[main] INFO io.swagger.codegen.AbstractGenerator - writing file /home/lbednar/work/kubevirt-org/kubevirt-pysdk-generated/./docs/V1NodeAffinity.md
[main] INFO io.swagger.codegen.AbstractGenerator - writing file /home/lbednar/work/kubevirt-org/kubevirt-pysdk-generated/./kubevirt/models/v1_node_selector.py
[main] INFO io.swagger.codegen.AbstractGenerator - writing file /home/lbednar/work/kubevirt-org/kubevirt-pysdk-generated/./test/test_v1_node_selector.py
[main] INFO io.swagger.codegen.AbstractGenerator - writing file /home/lbednar/work/kubevirt-org/kubevirt-pysdk-generated/./docs/V1NodeSelector.md
[main] INFO io.swagger.codegen.AbstractGenerator - writing file /home/lbednar/work/kubevirt-org/kubevirt-pysdk-generated/./kubevirt/models/v1_node_selector_requirement.py
[main] INFO io.swagger.codegen.AbstractGenerator - writing file /home/lbednar/work/kubevirt-org/kubevirt-pysdk-generated/./test/test_v1_node_selector_requirement.py
[main] INFO io.swagger.codegen.AbstractGenerator - writing file /home/lbednar/work/kubevirt-org/kubevirt-pysdk-generated/./docs/V1NodeSelectorRequirement.md
[main] INFO io.swagger.codegen.AbstractGenerator - writing file /home/lbednar/work/kubevirt-org/kubevirt-pysdk-generated/./kubevirt/models/v1_node_selector_term.py
[main] INFO io.swagger.codegen.AbstractGenerator - writing file /home/lbednar/work/kubevirt-org/kubevirt-pysdk-generated/./test/test_v1_node_selector_term.py
[main] INFO io.swagger.codegen.AbstractGenerator - writing file /home/lbednar/work/kubevirt-org/kubevirt-pysdk-generated/./docs/V1NodeSelectorTerm.md
[main] INFO io.swagger.codegen.AbstractGenerator - writing file /home/lbednar/work/kubevirt-org/kubevirt-pysdk-generated/./kubevirt/models/v1_object_meta.py
[main] INFO io.swagger.codegen.AbstractGenerator - writing file /home/lbednar/work/kubevirt-org/kubevirt-pysdk-generated/./test/test_v1_object_meta.py
[main] INFO io.swagger.codegen.AbstractGenerator - writing file /home/lbednar/work/kubevirt-org/kubevirt-pysdk-generated/./docs/V1ObjectMeta.md
[main] INFO io.swagger.codegen.AbstractGenerator - writing file /home/lbednar/work/kubevirt-org/kubevirt-pysdk-generated/./kubevirt/models/v1_owner_reference.py
[main] INFO io.swagger.codegen.AbstractGenerator - writing file /home/lbednar/work/kubevirt-org/kubevirt-pysdk-generated/./test/test_v1_owner_reference.py
[main] INFO io.swagger.codegen.AbstractGenerator - writing file /home/lbednar/work/kubevirt-org/kubevirt-pysdk-generated/./docs/V1OwnerReference.md
[main] INFO io.swagger.codegen.AbstractGenerator - writing file /home/lbednar/work/kubevirt-org/kubevirt-pysdk-generated/./kubevirt/models/v1_pit_timer.py
[main] INFO io.swagger.codegen.AbstractGenerator - writing file /home/lbednar/work/kubevirt-org/kubevirt-pysdk-generated/./test/test_v1_pit_timer.py
[main] INFO io.swagger.codegen.AbstractGenerator - writing file /home/lbednar/work/kubevirt-org/kubevirt-pysdk-generated/./docs/V1PITTimer.md
[main] INFO io.swagger.codegen.AbstractGenerator - writing file /home/lbednar/work/kubevirt-org/kubevirt-pysdk-generated/./kubevirt/models/v1_persistent_volume_claim_volume_source.py
[main] INFO io.swagger.codegen.AbstractGenerator - writing file /home/lbednar/work/kubevirt-org/kubevirt-pysdk-generated/./test/test_v1_persistent_volume_claim_volume_source.py
[main] INFO io.swagger.codegen.AbstractGenerator - writing file /home/lbednar/work/kubevirt-org/kubevirt-pysdk-generated/./docs/V1PersistentVolumeClaimVolumeSource.md
[main] INFO io.swagger.codegen.AbstractGenerator - writing file /home/lbednar/work/kubevirt-org/kubevirt-pysdk-generated/./kubevirt/models/v1_preconditions.py
[main] INFO io.swagger.codegen.AbstractGenerator - writing file /home/lbednar/work/kubevirt-org/kubevirt-pysdk-generated/./test/test_v1_preconditions.py
[main] INFO io.swagger.codegen.AbstractGenerator - writing file /home/lbednar/work/kubevirt-org/kubevirt-pysdk-generated/./docs/V1Preconditions.md
[main] INFO io.swagger.codegen.AbstractGenerator - writing file /home/lbednar/work/kubevirt-org/kubevirt-pysdk-generated/./kubevirt/models/v1_preferred_scheduling_term.py
[main] INFO io.swagger.codegen.AbstractGenerator - writing file /home/lbednar/work/kubevirt-org/kubevirt-pysdk-generated/./test/test_v1_preferred_scheduling_term.py
[main] INFO io.swagger.codegen.AbstractGenerator - writing file /home/lbednar/work/kubevirt-org/kubevirt-pysdk-generated/./docs/V1PreferredSchedulingTerm.md
[main] INFO io.swagger.codegen.AbstractGenerator - writing file /home/lbednar/work/kubevirt-org/kubevirt-pysdk-generated/./kubevirt/models/v1_rtc_timer.py
[main] INFO io.swagger.codegen.AbstractGenerator - writing file /home/lbednar/work/kubevirt-org/kubevirt-pysdk-generated/./test/test_v1_rtc_timer.py
[main] INFO io.swagger.codegen.AbstractGenerator - writing file /home/lbednar/work/kubevirt-org/kubevirt-pysdk-generated/./docs/V1RTCTimer.md
[main] INFO io.swagger.codegen.AbstractGenerator - writing file /home/lbednar/work/kubevirt-org/kubevirt-pysdk-generated/./kubevirt/models/v1_registry_disk_source.py
[main] INFO io.swagger.codegen.AbstractGenerator - writing file /home/lbednar/work/kubevirt-org/kubevirt-pysdk-generated/./test/test_v1_registry_disk_source.py
[main] INFO io.swagger.codegen.AbstractGenerator - writing file /home/lbednar/work/kubevirt-org/kubevirt-pysdk-generated/./docs/V1RegistryDiskSource.md
[main] INFO io.swagger.codegen.AbstractGenerator - writing file /home/lbednar/work/kubevirt-org/kubevirt-pysdk-generated/./kubevirt/models/v1_resource_requirements.py
[main] INFO io.swagger.codegen.AbstractGenerator - writing file /home/lbednar/work/kubevirt-org/kubevirt-pysdk-generated/./test/test_v1_resource_requirements.py
[main] INFO io.swagger.codegen.AbstractGenerator - writing file /home/lbednar/work/kubevirt-org/kubevirt-pysdk-generated/./docs/V1ResourceRequirements.md
[main] INFO io.swagger.codegen.AbstractGenerator - writing file /home/lbednar/work/kubevirt-org/kubevirt-pysdk-generated/./kubevirt/models/v1_server_address_by_client_cidr.py
[main] INFO io.swagger.codegen.AbstractGenerator - writing file /home/lbednar/work/kubevirt-org/kubevirt-pysdk-generated/./test/test_v1_server_address_by_client_cidr.py
[main] INFO io.swagger.codegen.AbstractGenerator - writing file /home/lbednar/work/kubevirt-org/kubevirt-pysdk-generated/./docs/V1ServerAddressByClientCIDR.md
[main] INFO io.swagger.codegen.AbstractGenerator - writing file /home/lbednar/work/kubevirt-org/kubevirt-pysdk-generated/./kubevirt/models/v1_status.py
[main] INFO io.swagger.codegen.AbstractGenerator - writing file /home/lbednar/work/kubevirt-org/kubevirt-pysdk-generated/./test/test_v1_status.py
[main] INFO io.swagger.codegen.AbstractGenerator - writing file /home/lbednar/work/kubevirt-org/kubevirt-pysdk-generated/./docs/V1Status.md
[main] INFO io.swagger.codegen.AbstractGenerator - writing file /home/lbednar/work/kubevirt-org/kubevirt-pysdk-generated/./kubevirt/models/v1_status_cause.py
[main] INFO io.swagger.codegen.AbstractGenerator - writing file /home/lbednar/work/kubevirt-org/kubevirt-pysdk-generated/./test/test_v1_status_cause.py
[main] INFO io.swagger.codegen.AbstractGenerator - writing file /home/lbednar/work/kubevirt-org/kubevirt-pysdk-generated/./docs/V1StatusCause.md
[main] INFO io.swagger.codegen.AbstractGenerator - writing file /home/lbednar/work/kubevirt-org/kubevirt-pysdk-generated/./kubevirt/models/v1_status_details.py
[main] INFO io.swagger.codegen.AbstractGenerator - writing file /home/lbednar/work/kubevirt-org/kubevirt-pysdk-generated/./test/test_v1_status_details.py
[main] INFO io.swagger.codegen.AbstractGenerator - writing file /home/lbednar/work/kubevirt-org/kubevirt-pysdk-generated/./docs/V1StatusDetails.md
[main] INFO io.swagger.codegen.AbstractGenerator - writing file /home/lbednar/work/kubevirt-org/kubevirt-pysdk-generated/./kubevirt/models/v1_timer.py
[main] INFO io.swagger.codegen.AbstractGenerator - writing file /home/lbednar/work/kubevirt-org/kubevirt-pysdk-generated/./test/test_v1_timer.py
[main] INFO io.swagger.codegen.AbstractGenerator - writing file /home/lbednar/work/kubevirt-org/kubevirt-pysdk-generated/./docs/V1Timer.md
[main] INFO io.swagger.codegen.AbstractGenerator - writing file /home/lbednar/work/kubevirt-org/kubevirt-pysdk-generated/./kubevirt/models/v1_vm_replica_set_condition.py
[main] INFO io.swagger.codegen.AbstractGenerator - writing file /home/lbednar/work/kubevirt-org/kubevirt-pysdk-generated/./test/test_v1_vm_replica_set_condition.py
[main] INFO io.swagger.codegen.AbstractGenerator - writing file /home/lbednar/work/kubevirt-org/kubevirt-pysdk-generated/./docs/V1VMReplicaSetCondition.md
[main] INFO io.swagger.codegen.AbstractGenerator - writing file /home/lbednar/work/kubevirt-org/kubevirt-pysdk-generated/./kubevirt/models/v1_vm_replica_set_spec.py
[main] INFO io.swagger.codegen.AbstractGenerator - writing file /home/lbednar/work/kubevirt-org/kubevirt-pysdk-generated/./test/test_v1_vm_replica_set_spec.py
[main] INFO io.swagger.codegen.AbstractGenerator - writing file /home/lbednar/work/kubevirt-org/kubevirt-pysdk-generated/./docs/V1VMReplicaSetSpec.md
[main] INFO io.swagger.codegen.AbstractGenerator - writing file /home/lbednar/work/kubevirt-org/kubevirt-pysdk-generated/./kubevirt/models/v1_vm_replica_set_status.py
[main] INFO io.swagger.codegen.AbstractGenerator - writing file /home/lbednar/work/kubevirt-org/kubevirt-pysdk-generated/./test/test_v1_vm_replica_set_status.py
[main] INFO io.swagger.codegen.AbstractGenerator - writing file /home/lbednar/work/kubevirt-org/kubevirt-pysdk-generated/./docs/V1VMReplicaSetStatus.md
[main] INFO io.swagger.codegen.AbstractGenerator - writing file /home/lbednar/work/kubevirt-org/kubevirt-pysdk-generated/./kubevirt/models/v1_vm_selector.py
[main] INFO io.swagger.codegen.AbstractGenerator - writing file /home/lbednar/work/kubevirt-org/kubevirt-pysdk-generated/./test/test_v1_vm_selector.py
[main] INFO io.swagger.codegen.AbstractGenerator - writing file /home/lbednar/work/kubevirt-org/kubevirt-pysdk-generated/./docs/V1VMSelector.md
[main] INFO io.swagger.codegen.AbstractGenerator - writing file /home/lbednar/work/kubevirt-org/kubevirt-pysdk-generated/./kubevirt/models/v1_vm_template_spec.py
[main] INFO io.swagger.codegen.AbstractGenerator - writing file /home/lbednar/work/kubevirt-org/kubevirt-pysdk-generated/./test/test_v1_vm_template_spec.py
[main] INFO io.swagger.codegen.AbstractGenerator - writing file /home/lbednar/work/kubevirt-org/kubevirt-pysdk-generated/./docs/V1VMTemplateSpec.md
[main] INFO io.swagger.codegen.AbstractGenerator - writing file /home/lbednar/work/kubevirt-org/kubevirt-pysdk-generated/./kubevirt/models/v1_virtual_machine.py
[main] INFO io.swagger.codegen.AbstractGenerator - writing file /home/lbednar/work/kubevirt-org/kubevirt-pysdk-generated/./test/test_v1_virtual_machine.py
[main] INFO io.swagger.codegen.AbstractGenerator - writing file /home/lbednar/work/kubevirt-org/kubevirt-pysdk-generated/./docs/V1VirtualMachine.md
[main] INFO io.swagger.codegen.AbstractGenerator - writing file /home/lbednar/work/kubevirt-org/kubevirt-pysdk-generated/./kubevirt/models/v1_virtual_machine_condition.py
[main] INFO io.swagger.codegen.AbstractGenerator - writing file /home/lbednar/work/kubevirt-org/kubevirt-pysdk-generated/./test/test_v1_virtual_machine_condition.py
[main] INFO io.swagger.codegen.AbstractGenerator - writing file /home/lbednar/work/kubevirt-org/kubevirt-pysdk-generated/./docs/V1VirtualMachineCondition.md
[main] INFO io.swagger.codegen.AbstractGenerator - writing file /home/lbednar/work/kubevirt-org/kubevirt-pysdk-generated/./kubevirt/models/v1_virtual_machine_list.py
[main] INFO io.swagger.codegen.AbstractGenerator - writing file /home/lbednar/work/kubevirt-org/kubevirt-pysdk-generated/./test/test_v1_virtual_machine_list.py
[main] INFO io.swagger.codegen.AbstractGenerator - writing file /home/lbednar/work/kubevirt-org/kubevirt-pysdk-generated/./docs/V1VirtualMachineList.md
[main] INFO io.swagger.codegen.AbstractGenerator - writing file /home/lbednar/work/kubevirt-org/kubevirt-pysdk-generated/./kubevirt/models/v1_virtual_machine_replica_set.py
[main] INFO io.swagger.codegen.AbstractGenerator - writing file /home/lbednar/work/kubevirt-org/kubevirt-pysdk-generated/./test/test_v1_virtual_machine_replica_set.py
[main] INFO io.swagger.codegen.AbstractGenerator - writing file /home/lbednar/work/kubevirt-org/kubevirt-pysdk-generated/./docs/V1VirtualMachineReplicaSet.md
[main] INFO io.swagger.codegen.AbstractGenerator - writing file /home/lbednar/work/kubevirt-org/kubevirt-pysdk-generated/./kubevirt/models/v1_virtual_machine_replica_set_list.py
[main] INFO io.swagger.codegen.AbstractGenerator - writing file /home/lbednar/work/kubevirt-org/kubevirt-pysdk-generated/./test/test_v1_virtual_machine_replica_set_list.py
[main] INFO io.swagger.codegen.AbstractGenerator - writing file /home/lbednar/work/kubevirt-org/kubevirt-pysdk-generated/./docs/V1VirtualMachineReplicaSetList.md
[main] INFO io.swagger.codegen.AbstractGenerator - writing file /home/lbednar/work/kubevirt-org/kubevirt-pysdk-generated/./kubevirt/models/v1_virtual_machine_spec.py
[main] INFO io.swagger.codegen.AbstractGenerator - writing file /home/lbednar/work/kubevirt-org/kubevirt-pysdk-generated/./test/test_v1_virtual_machine_spec.py
[main] INFO io.swagger.codegen.AbstractGenerator - writing file /home/lbednar/work/kubevirt-org/kubevirt-pysdk-generated/./docs/V1VirtualMachineSpec.md
[main] INFO io.swagger.codegen.AbstractGenerator - writing file /home/lbednar/work/kubevirt-org/kubevirt-pysdk-generated/./kubevirt/models/v1_virtual_machine_status.py
[main] INFO io.swagger.codegen.AbstractGenerator - writing file /home/lbednar/work/kubevirt-org/kubevirt-pysdk-generated/./test/test_v1_virtual_machine_status.py
[main] INFO io.swagger.codegen.AbstractGenerator - writing file /home/lbednar/work/kubevirt-org/kubevirt-pysdk-generated/./docs/V1VirtualMachineStatus.md
[main] INFO io.swagger.codegen.AbstractGenerator - writing file /home/lbednar/work/kubevirt-org/kubevirt-pysdk-generated/./kubevirt/models/v1_volume.py
[main] INFO io.swagger.codegen.AbstractGenerator - writing file /home/lbednar/work/kubevirt-org/kubevirt-pysdk-generated/./test/test_v1_volume.py
[main] INFO io.swagger.codegen.AbstractGenerator - writing file /home/lbednar/work/kubevirt-org/kubevirt-pysdk-generated/./docs/V1Volume.md
[main] INFO io.swagger.codegen.AbstractGenerator - writing file /home/lbednar/work/kubevirt-org/kubevirt-pysdk-generated/./kubevirt/models/v1_watch_event.py
[main] INFO io.swagger.codegen.AbstractGenerator - writing file /home/lbednar/work/kubevirt-org/kubevirt-pysdk-generated/./test/test_v1_watch_event.py
[main] INFO io.swagger.codegen.AbstractGenerator - writing file /home/lbednar/work/kubevirt-org/kubevirt-pysdk-generated/./docs/V1WatchEvent.md
[main] INFO io.swagger.codegen.AbstractGenerator - writing file /home/lbednar/work/kubevirt-org/kubevirt-pysdk-generated/./kubevirt/models/v1_watchdog.py
[main] INFO io.swagger.codegen.AbstractGenerator - writing file /home/lbednar/work/kubevirt-org/kubevirt-pysdk-generated/./test/test_v1_watchdog.py
[main] INFO io.swagger.codegen.AbstractGenerator - writing file /home/lbednar/work/kubevirt-org/kubevirt-pysdk-generated/./docs/V1Watchdog.md
[main] WARN io.swagger.codegen.examples.ExampleGenerator - Ref property with empty model.
[main] WARN io.swagger.codegen.examples.ExampleGenerator - Ref property with empty model.
[main] WARN io.swagger.codegen.examples.ExampleGenerator - Ref property with empty model.
[main] WARN io.swagger.codegen.examples.ExampleGenerator - Ref property with empty model.
[main] WARN io.swagger.codegen.examples.ExampleGenerator - Ref property with empty model.
[main] WARN io.swagger.codegen.examples.ExampleGenerator - Ref property with empty model.
[main] WARN io.swagger.codegen.examples.ExampleGenerator - Ref property with empty model.
[main] WARN io.swagger.codegen.examples.ExampleGenerator - Ref property with empty model.
[main] WARN io.swagger.codegen.examples.ExampleGenerator - Ref property with empty model.
[main] WARN io.swagger.codegen.examples.ExampleGenerator - Ref property with empty model.
[main] WARN io.swagger.codegen.examples.ExampleGenerator - Ref property with empty model.
[main] WARN io.swagger.codegen.examples.ExampleGenerator - Ref property with empty model.
[main] WARN io.swagger.codegen.examples.ExampleGenerator - Ref property with empty model.
[main] WARN io.swagger.codegen.examples.ExampleGenerator - Ref property with empty model.
[main] WARN io.swagger.codegen.examples.ExampleGenerator - Ref property with empty model.
[main] WARN io.swagger.codegen.examples.ExampleGenerator - Ref property with empty model.
[main] WARN io.swagger.codegen.examples.ExampleGenerator - Ref property with empty model.
[main] WARN io.swagger.codegen.examples.ExampleGenerator - Ref property with empty model.
[main] INFO io.swagger.codegen.AbstractGenerator - writing file /home/lbednar/work/kubevirt-org/kubevirt-pysdk-generated/./kubevirt/apis/default_api.py
[main] INFO io.swagger.codegen.AbstractGenerator - writing file /home/lbednar/work/kubevirt-org/kubevirt-pysdk-generated/./test/test_default_api.py
[main] INFO io.swagger.codegen.AbstractGenerator - writing file /home/lbednar/work/kubevirt-org/kubevirt-pysdk-generated/./docs/DefaultApi.md
[main] INFO io.swagger.codegen.AbstractGenerator - writing file /home/lbednar/work/kubevirt-org/kubevirt-pysdk-generated/./README.md
[main] INFO io.swagger.codegen.AbstractGenerator - writing file /home/lbednar/work/kubevirt-org/kubevirt-pysdk-generated/./setup.py
[main] INFO io.swagger.codegen.AbstractGenerator - writing file /home/lbednar/work/kubevirt-org/kubevirt-pysdk-generated/./tox.ini
[main] INFO io.swagger.codegen.AbstractGenerator - writing file /home/lbednar/work/kubevirt-org/kubevirt-pysdk-generated/./test-requirements.txt
[main] INFO io.swagger.codegen.AbstractGenerator - writing file /home/lbednar/work/kubevirt-org/kubevirt-pysdk-generated/./requirements.txt
[main] INFO io.swagger.codegen.AbstractGenerator - writing file /home/lbednar/work/kubevirt-org/kubevirt-pysdk-generated/./kubevirt/api_client.py
[main] INFO io.swagger.codegen.AbstractGenerator - writing file /home/lbednar/work/kubevirt-org/kubevirt-pysdk-generated/./kubevirt/rest.py
[main] INFO io.swagger.codegen.AbstractGenerator - writing file /home/lbednar/work/kubevirt-org/kubevirt-pysdk-generated/./kubevirt/configuration.py
[main] INFO io.swagger.codegen.AbstractGenerator - writing file /home/lbednar/work/kubevirt-org/kubevirt-pysdk-generated/./kubevirt/__init__.py
[main] INFO io.swagger.codegen.AbstractGenerator - writing file /home/lbednar/work/kubevirt-org/kubevirt-pysdk-generated/./kubevirt/models/__init__.py
[main] INFO io.swagger.codegen.AbstractGenerator - writing file /home/lbednar/work/kubevirt-org/kubevirt-pysdk-generated/./kubevirt/apis/__init__.py
[main] INFO io.swagger.codegen.AbstractGenerator - writing file /home/lbednar/work/kubevirt-org/kubevirt-pysdk-generated/./test/__init__.py
[main] INFO io.swagger.codegen.AbstractGenerator - writing file /home/lbednar/work/kubevirt-org/kubevirt-pysdk-generated/./git_push.sh
[main] INFO io.swagger.codegen.AbstractGenerator - writing file /home/lbednar/work/kubevirt-org/kubevirt-pysdk-generated/./.gitignore
[main] INFO io.swagger.codegen.AbstractGenerator - writing file /home/lbednar/work/kubevirt-org/kubevirt-pysdk-generated/./.travis.yml
[main] INFO io.swagger.codegen.AbstractGenerator - writing file /home/lbednar/work/kubevirt-org/kubevirt-pysdk-generated/./.swagger-codegen/VERSION
